<?xml version="1.0" encoding="UTF-8"?>
<!-- Generated by org.testng.reporters.JUnitXMLReporter -->
<testsuite hostname="Sudhakars-MacBook-Pro.local" name="Default test" tests="3" failures="0" timestamp="21 Jun 2017 06:34:28 GMT" time="39.118" errors="0">
  <testcase name="tc01_login_ValidCredential" time="17.657" classname="com.madhu.uiautomation.login.TC_LoginPage"/>
  <testcase name="tc02_login_InvalidCredentials" time="1.54" classname="com.madhu.uiautomation.login.TC_LoginPage"/>
  <testcase name="tc03_login_WithoutPassword" time="9.026" classname="com.madhu.uiautomation.login.TC_LoginPage"/>
</testsuite> <!-- Default test -->
