<?xml version="1.0" encoding="UTF-8"?>
<!-- Generated by org.testng.reporters.JUnitXMLReporter -->
<testsuite hostname="Sudhakars-MacBook-Pro.local" name="LoginPageTests" tests="3" failures="0" timestamp="21 Jun 2017 01:36:29 GMT" time="5.435" errors="0">
  <testcase name="@BeforeTest setUp" time="0.0" classname="com.madhu.uiautomation.login.TC_LoginPage">
    <failure type="java.lang.NullPointerException">
      <![CDATA[java.lang.NullPointerException
	at com.madhu.uiautomation.testbase.TestBase.selectBrowser(TestBase.java:72)
	at com.madhu.uiautomation.testbase.TestBase.init(TestBase.java:63)
	at com.madhu.uiautomation.login.TC_LoginPage.setUp(TC_LoginPage.java:43)
... Removed 22 stack frames]]>
    </failure>
  </testcase> <!-- @BeforeTest setUp -->
  <testcase name="@BeforeMethod beforeMethod" time="0.0" classname="com.madhu.uiautomation.login.TC_LoginPage">
    <skipped/>
  </testcase> <!-- @BeforeMethod beforeMethod -->
  <testcase name="@AfterMethod afterMethod" time="0.0" classname="com.madhu.uiautomation.login.TC_LoginPage">
    <skipped/>
  </testcase> <!-- @AfterMethod afterMethod -->
  <testcase name="@AfterClass endTest" time="0.0" classname="com.madhu.uiautomation.login.TC_LoginPage">
    <failure type="java.lang.NullPointerException">
      <![CDATA[java.lang.NullPointerException
	at com.madhu.uiautomation.testbase.TestBase.closeBrowser(TestBase.java:198)
	at com.madhu.uiautomation.testbase.TestBase.endTest(TestBase.java:194)
... Removed 24 stack frames]]>
    </failure>
  </testcase> <!-- @AfterClass endTest -->
  <testcase name="tc01_login_ValidCredential" time="0.016" classname="com.madhu.uiautomation.login.TC_LoginPage">
    <skipped/>
  </testcase> <!-- tc01_login_ValidCredential -->
  <testcase name="tc02_login_InvalidCredentials" time="0.008" classname="com.madhu.uiautomation.login.TC_LoginPage">
    <skipped/>
  </testcase> <!-- tc02_login_InvalidCredentials -->
  <testcase name="tc03_login_WithoutPassword" time="0.008" classname="com.madhu.uiautomation.login.TC_LoginPage">
    <skipped/>
  </testcase> <!-- tc03_login_WithoutPassword -->
</testsuite> <!-- LoginPageTests -->
